[    0.000000] Initializing cgroup subsys cpuset
[    0.000000] Initializing cgroup subsys cpu
[    0.000000] Initializing cgroup subsys cpuacct
[    0.000000] Linux version 4.4.0-92-generic (buildd@lgw01-15) (gcc version 5.4.0 20160609 (Ubuntu 5.4.0-6ubuntu1~16.04.4) ) #115-Ubuntu SMP Thu Aug 10 16:02:55 UTC 2017 (Ubuntu 4.4.0-92.115-generic 4.4.76)
[    0.000000] KERNEL supported cpus:
[    0.000000]   Intel GenuineIntel
[    0.000000]   AMD AuthenticAMD
[    0.000000]   NSC Geode by NSC
[    0.000000]   Cyrix CyrixInstead
[    0.000000]   Centaur CentaurHauls
[    0.000000]   Transmeta GenuineTMx86
[    0.000000]   Transmeta TransmetaCPU
[    0.000000]   UMC UMC UMC UMC
[    0.000000] x86/fpu: xstate_offset[2]:  576, xstate_sizes[2]:  256
[    0.000000] x86/fpu: Supporting XSAVE feature 0x01: 'x87 floating point registers'
[    0.000000] x86/fpu: Supporting XSAVE feature 0x02: 'SSE registers'
[    0.000000] x86/fpu: Supporting XSAVE feature 0x04: 'AVX registers'
[    0.000000] x86/fpu: Enabled xstate features 0x7, context size is 832 bytes, using 'standard' format.
[    0.000000] x86/fpu: Using 'lazy' FPU context switches.
[    0.000000] e820: BIOS-provided physical RAM map:
[    0.000000] BIOS-e820: [mem 0x0000000000000000-0x000000000009fbff] usable
[    0.000000] BIOS-e820: [mem 0x000000000009fc00-0x000000000009ffff] reserved
[    0.000000] BIOS-e820: [mem 0x00000000000f0000-0x00000000000fffff] reserved
[    0.000000] BIOS-e820: [mem 0x0000000000100000-0x000000003ffeffff] usable
[    0.000000] BIOS-e820: [mem 0x000000003fff0000-0x000000003fffffff] ACPI data
[    0.000000] BIOS-e820: [mem 0x00000000fec00000-0x00000000fec00fff] reserved
[    0.000000] BIOS-e820: [mem 0x00000000fee00000-0x00000000fee00fff] reserved
[    0.000000] BIOS-e820: [mem 0x00000000fffc0000-0x00000000ffffffff] reserved
[    0.000000] NX (Execute Disable) protection: active
[    0.000000] SMBIOS 2.5 present.
[    0.000000] Hypervisor detected: KVM
[    0.000000] e820: last_pfn = 0x3fff0 max_arch_pfn = 0x1000000
[    0.000000] MTRR: Disabled
[    0.000000] x86/PAT: MTRRs disabled, skipping PAT initialization too.
[    0.000000] x86/PAT: Configuration [0-7]: WB  WT  UC- UC  WB  WT  UC- UC  
[    0.000000] CPU MTRRs all blank - virtualized system.
[    0.000000] found SMP MP-table at [mem 0x0009fff0-0x0009ffff] mapped at [c009fff0]
[    0.000000] Scanning 1 areas for low memory corruption
[    0.000000] RAMDISK: [mem 0x36356000-0x371a2fff]
[    0.000000] ACPI: Early table checksum verification disabled
[    0.000000] ACPI: RSDP 0x00000000000E0000 000024 (v02 VBOX  )
[    0.000000] ACPI: XSDT 0x000000003FFF0030 00003C (v01 VBOX   VBOXXSDT 00000001 ASL  00000061)
[    0.000000] ACPI: FACP 0x000000003FFF00F0 0000F4 (v04 VBOX   VBOXFACP 00000001 ASL  00000061)
[    0.000000] ACPI: DSDT 0x000000003FFF0470 00210F (v01 VBOX   VBOXBIOS 00000002 INTL 20160108)
[    0.000000] ACPI: FACS 0x000000003FFF0200 000040
[    0.000000] ACPI: FACS 0x000000003FFF0200 000040
[    0.000000] ACPI: APIC 0x000000003FFF0240 00005C (v02 VBOX   VBOXAPIC 00000001 ASL  00000061)
[    0.000000] ACPI: SSDT 0x000000003FFF02A0 0001CC (v01 VBOX   VBOXCPUT 00000002 INTL 20160108)
[    0.000000] 131MB HIGHMEM available.
[    0.000000] 891MB LOWMEM available.
[    0.000000]   mapped low ram: 0 - 37bfe000
[    0.000000]   low ram: 0 - 37bfe000
[    0.000000] kvm-clock: Using msrs 4b564d01 and 4b564d00
[    0.000000] kvm-clock: cpu 0, msr 0:37bfd001, primary cpu clock
[    0.000000] kvm-clock: using sched offset of 3629183799 cycles
[    0.000000] clocksource: kvm-clock: mask: 0xffffffffffffffff max_cycles: 0x1cd42e4dffb, max_idle_ns: 881590591483 ns
[    0.000000] Zone ranges:
[    0.000000]   DMA      [mem 0x0000000000001000-0x0000000000ffffff]
[    0.000000]   Normal   [mem 0x0000000001000000-0x0000000037bfdfff]
[    0.000000]   HighMem  [mem 0x0000000037bfe000-0x000000003ffeffff]
[    0.000000] Movable zone start for each node
[    0.000000] Early memory node ranges
[    0.000000]   node   0: [mem 0x0000000000001000-0x000000000009efff]
[    0.000000]   node   0: [mem 0x0000000000100000-0x000000003ffeffff]
[    0.000000] Initmem setup node 0 [mem 0x0000000000001000-0x000000003ffeffff]
[    0.000000] Using APIC driver default
[    0.000000] ACPI: PM-Timer IO Port: 0x4008
[    0.000000] IOAPIC[0]: apic_id 2, version 32, address 0xfec00000, GSI 0-23
[    0.000000] ACPI: INT_SRC_OVR (bus 0 bus_irq 0 global_irq 2 dfl dfl)
[    0.000000] ACPI: INT_SRC_OVR (bus 0 bus_irq 9 global_irq 9 high level)
[    0.000000] Using ACPI (MADT) for SMP configuration information
[    0.000000] smpboot: Allowing 2 CPUs, 0 hotplug CPUs
[    0.000000] PM: Registered nosave memory: [mem 0x00000000-0x00000fff]
[    0.000000] PM: Registered nosave memory: [mem 0x0009f000-0x0009ffff]
[    0.000000] PM: Registered nosave memory: [mem 0x000a0000-0x000effff]
[    0.000000] PM: Registered nosave memory: [mem 0x000f0000-0x000fffff]
[    0.000000] e820: [mem 0x40000000-0xfebfffff] available for PCI devices
[    0.000000] Booting paravirtualized kernel on KVM
[    0.000000] clocksource: refined-jiffies: mask: 0xffffffff max_cycles: 0xffffffff, max_idle_ns: 7645519600211568 ns
[    0.000000] setup_percpu: NR_CPUS:8 nr_cpumask_bits:8 nr_cpu_ids:2 nr_node_ids:1
[    0.000000] PERCPU: Embedded 19 pages/cpu @f71b0000 s47436 r0 d30388 u77824
[    0.000000] PV qspinlock hash table entries: 512 (order: 0, 4096 bytes)
[    0.000000] Built 1 zonelists in Zone order, mobility grouping on.  Total pages: 259800
[    0.000000] Kernel command line: BOOT_IMAGE=/boot/vmlinuz-4.4.0-92-generic root=UUID=56a2fd57-0701-44b1-8af5-74b1d9334f3e ro console=tty1 console=ttyS0
[    0.000000] PID hash table entries: 4096 (order: 2, 16384 bytes)
[    0.000000] Dentry cache hash table entries: 131072 (order: 7, 524288 bytes)
[    0.000000] Inode-cache hash table entries: 65536 (order: 6, 262144 bytes)
[    0.000000] Initializing CPU#0
[    0.000000] Initializing HighMem for node 0 (00037bfe:0003fff0)
[    0.000000] Initializing Movable for node 0 (00000000:00000000)
[    0.000000] Memory: 1008292K/1048120K available (7963K kernel code, 766K rwdata, 3164K rodata, 940K init, 800K bss, 39828K reserved, 0K cma-reserved, 135112K highmem)
[    0.000000] virtual kernel memory layout:
[    0.000000]     fixmap  : 0xfff15000 - 0xfffff000   ( 936 kB)
[    0.000000]     pkmap   : 0xffc00000 - 0xffe00000   (2048 kB)
[    0.000000]     vmalloc : 0xf83fe000 - 0xffbfe000   ( 120 MB)
[    0.000000]     lowmem  : 0xc0000000 - 0xf7bfe000   ( 891 MB)
[    0.000000]       .init : 0xc1ba1000 - 0xc1c8c000   ( 940 kB)
[    0.000000]       .data : 0xc17c710b - 0xc1b9fb40   (3938 kB)
[    0.000000]       .text : 0xc1000000 - 0xc17c710b   (7964 kB)
[    0.000000] Checking if this processor honours the WP bit even in supervisor mode...Ok.
[    0.000000] SLUB: HWalign=64, Order=0-3, MinObjects=0, CPUs=2, Nodes=1
[    0.000000] Hierarchical RCU implementation.
[    0.000000] 	Build-time adjustment of leaf fanout to 32.
[    0.000000] 	RCU restricting CPUs from NR_CPUS=8 to nr_cpu_ids=2.
[    0.000000] RCU: Adjusting geometry for rcu_fanout_leaf=32, nr_cpu_ids=2
[    0.000000] NR_IRQS:2304 nr_irqs:440 16
[    0.000000] Console: colour VGA+ 80x25
[    0.000000] console [tty1] enabled
[    0.000000] console [ttyS0] enabled
[    0.000000] allocated 1048576 bytes of page_ext
[    0.000000] tsc: Detected 1696.072 MHz processor
[    0.202694] Calibrating delay loop (skipped) preset value.. 3392.14 BogoMIPS (lpj=6784288)
[    0.204447] pid_max: default: 32768 minimum: 301
[    0.205395] ACPI: Core revision 20150930
[    0.207365] ACPI: 2 ACPI AML tables successfully acquired and loaded
[    0.211021] Security Framework initialized
[    0.217238] Yama: becoming mindful.
[    0.218063] AppArmor: AppArmor initialized
[    0.218978] Mount-cache hash table entries: 2048 (order: 1, 8192 bytes)
[    0.220247] Mountpoint-cache hash table entries: 2048 (order: 1, 8192 bytes)
[    0.221760] Initializing cgroup subsys io
[    0.226601] Initializing cgroup subsys memory
[    0.227540] Initializing cgroup subsys devices
[    0.238491] Initializing cgroup subsys freezer
[    0.239443] Initializing cgroup subsys net_cls
[    0.240371] Initializing cgroup subsys perf_event
[    0.241336] Initializing cgroup subsys net_prio
[    0.242296] Initializing cgroup subsys hugetlb
[    0.243220] Initializing cgroup subsys pids
[    0.244209] CPU: Physical Processor ID: 0
[    0.245071] CPU: Processor Core ID: 0
[    0.247801] mce: CPU supports 0 MCE banks
[    0.250680] Last level iTLB entries: 4KB 1024, 2MB 1024, 4MB 1024
[    0.251844] Last level dTLB entries: 4KB 1024, 2MB 1024, 4MB 1024, 1GB 4
[    0.256088] Freeing SMP alternatives memory: 28K (c1c8c000 - c1c93000)
[    0.266658] ftrace: allocating 31412 entries in 62 pages
[    0.312702] smpboot: APIC(0) Converting physical 0 to logical package 0
[    0.397480] smpboot: Max logical packages: 1
[    0.398410] Enabling APIC mode:  Flat.  Using 1 I/O APICs
[    0.405998] ..TIMER: vector=0x30 apic1=0 pin1=2 apic2=-1 pin2=-1
[    0.521791] smpboot: CPU0: Intel(R) Core(TM) i5-4210U CPU @ 1.70GHz (family: 0x6, model: 0x45, stepping: 0x1)
[    0.539802] Performance Events: unsupported p6 CPU model 69 no PMU driver, software events only.
[    0.541687] KVM setup paravirtual spinlock
[    0.543448] x86: Booting SMP configuration:
[    0.557466] .... node  #0, CPUs:      #1
[1266874886.080367] Initializing CPU#1
[    0.566296] kvm-clock: cpu 1, msr 0:37bfd041, secondary cpu clock
[    0.569388] mce: CPU supports 0 MCE banks
[    0.573946] x86: Booted up 1 node, 2 CPUs
[    0.588093] smpboot: Total of 2 processors activated (6784.28 BogoMIPS)
[    0.589774] devtmpfs: initialized
[    0.623396] evm: security.selinux
[    0.630139] evm: security.SMACK64
[    0.651135] evm: security.SMACK64EXEC
[    0.667351] evm: security.SMACK64TRANSMUTE
[    0.683331] evm: security.SMACK64MMAP
[    0.689436] evm: security.ima
[    0.690178] evm: security.capability
[    0.691304] clocksource: jiffies: mask: 0xffffffff max_cycles: 0xffffffff, max_idle_ns: 7645041785100000 ns
[    0.704437] futex hash table entries: 512 (order: 3, 32768 bytes)
[    0.715947] pinctrl core: initialized pinctrl subsystem
[    0.723708] RTC time: 15:12:31, date: 08/19/17
[    0.734682] NET: Registered protocol family 16
[    0.747531] EISA bus registered
[    0.761630] cpuidle: using governor ladder
[    0.817597] cpuidle: using governor menu
[    0.871303] PCCT header not found.
[    0.891292] ACPI: bus type PCI registered
[    0.895275] acpiphp: ACPI Hot Plug PCI Controller Driver version: 0.5
[    0.917653] PCI : PCI BIOS area is rw and x. Use pci=nobios if you want it NX.
[    0.939747] PCI: PCI BIOS revision 2.10 entry at 0xfda26, last bus=0
[    0.957340] PCI: Using configuration type 1 for base access
[    0.974446] ACPI: Added _OSI(Module Device)
[    0.980617] ACPI: Added _OSI(Processor Device)
[    0.994282] ACPI: Added _OSI(3.0 _SCP Extensions)
[    1.006265] ACPI: Added _OSI(Processor Aggregator Device)
[    1.024185] ACPI: Executed 1 blocks of module-level executable AML code
[    1.064377] ACPI: Interpreter enabled
[    1.077145] ACPI: (supports S0 S5)
[    1.077955] ACPI: Using IOAPIC for interrupt routing
[    1.086302] PCI: Using host bridge windows from ACPI; if necessary, use "pci=nocrs" and report a bug
[    1.099734] ACPI: PCI Root Bridge [PCI0] (domain 0000 [bus 00-ff])
[    1.103591] acpi PNP0A03:00: _OSC: OS supports [ASPM ClockPM Segments MSI]
[    1.120069] acpi PNP0A03:00: _OSC failed (AE_NOT_FOUND); disabling ASPM
[    1.135588] acpi PNP0A03:00: fail to add MMCONFIG information, can't access extended PCI configuration space under this bridge.
[    1.164815] PCI host bridge to bus 0000:00
[    1.166765] pci_bus 0000:00: root bus resource [io  0x0000-0x0cf7 window]
[    1.168020] pci_bus 0000:00: root bus resource [io  0x0d00-0xffff window]
[    1.169263] pci_bus 0000:00: root bus resource [mem 0x000a0000-0x000bffff window]
[    1.170857] pci_bus 0000:00: root bus resource [mem 0x40000000-0xffdfffff window]
[    1.175946] pci_bus 0000:00: root bus resource [bus 00-ff]
[    1.188518] pci 0000:00:01.1: legacy IDE quirk: reg 0x10: [io  0x01f0-0x01f7]
[    1.190936] pci 0000:00:01.1: legacy IDE quirk: reg 0x14: [io  0x03f6]
[    1.192145] pci 0000:00:01.1: legacy IDE quirk: reg 0x18: [io  0x0170-0x0177]
[    1.195694] pci 0000:00:01.1: legacy IDE quirk: reg 0x1c: [io  0x0376]
[    1.254141] pci 0000:00:07.0: quirk: [io  0x4000-0x403f] claimed by PIIX4 ACPI
[    1.264334] pci 0000:00:07.0: quirk: [io  0x4100-0x410f] claimed by PIIX4 SMB
[    1.274494] ACPI: PCI Interrupt Link [LNKA] (IRQs 5 9 10 *11)
[    1.282095] ACPI: PCI Interrupt Link [LNKB] (IRQs 5 9 10 *11)
[    1.284236] ACPI: PCI Interrupt Link [LNKC] (IRQs 5 9 *10 11)
[    1.286383] ACPI: PCI Interrupt Link [LNKD] (IRQs 5 *9 10 11)
[    1.293890] ACPI: Enabled 2 GPEs in block 00 to 07
[    1.295771] vgaarb: setting as boot device: PCI:0000:00:02.0
[    1.297153] vgaarb: device added: PCI:0000:00:02.0,decodes=io+mem,owns=io+mem,locks=none
[    1.299128] vgaarb: loaded
[    1.334681] vgaarb: bridge control possible 0000:00:02.0
[    1.346255] SCSI subsystem initialized
[    1.389871] ACPI: bus type USB registered
[    1.413915] usbcore: registered new interface driver usbfs
[    1.462776] usbcore: registered new interface driver hub
[    1.489852] usbcore: registered new device driver usb
[    1.511196] PCI: Using ACPI for IRQ routing
[    1.517568] NetLabel: Initializing
[    1.529769] NetLabel:  domain hash size = 128
[    1.535021] NetLabel:  protocols = UNLABELED CIPSOv4
[    1.536968] NetLabel:  unlabeled traffic allowed by default
[    1.539230] amd_nb: Cannot enumerate AMD northbridges
[    1.543322] clocksource: Switched to clocksource kvm-clock
[    1.552863] AppArmor: AppArmor Filesystem Enabled
[   5520] np P APIni
   18721] np PP CP fnd dvis[    2.332591] PnPBIOS: Disabled by ACPI PNP
[    2.404547] clocksource: acpi_pm: mask: 0xffffff max_cycles: 0xffffff, max_idle_ns: 2085701024 ns
[  27882 NT:Restreprtol amy 
[    2.955865] TCP established hash table entries: 8192 (order: 3, 32768 bytes)
[    2.958350] TCP bind hash table entries: 8192 (order: 4, 65536 bytes)
[    2.960671] TCP: Hash tables configured (established 8192 bind 8192)
[    2.961864] UDP hash table entries: 512 (order: 2, 16384 bytes)
[    2.962998] UDP-Lite hash table entries: 512 (order: 2, 16384 bytes)
[   .925 N: gier ptocol family 1
[   3776 p 00::00.0: Limiting direct PCI/PCI transfers
[   6812pc00:001: titi I D hg workarounds
[  4666]npki itrfs.
[    5.071151] Freeing initrd memory: 14644K (f6356000 - f71a3000)
[    5.109635] RAPL PMU detected, API unit is 2^-32 Joules, 4 fixed counters 10737418240 ms ovfl timer
[    5.112996] hw unit of domain pp0-core 2^-0 Joules
[    5.115338] hw unit of domain package 2^-0 Joules
[    5.116315] hw unit of domain dram 2^-0 Joules
[    5.117227] hw unit of domain pp1-gpu 2^-0 Joules
[    5.118326] platform rtc_cmos: registered platform RTC device (no PNP device found)
[    5.133035] Scanning for low memory corruption every 60 seconds
[    5.144382] audit: initializing netlink subsys (disabled)
[    5.152217] audit: type=2000 audit(1503155559.580:1): initialized
[    5.156311] Initialise system trusted keyring
[    5.185733] HugeTLB registered 2 MB page size, pre-allocated 0 pages
[    5.229213] zbud: loaded
[    5.234975] VFS: Disk quotas dquot_6.6.0
[    5.236187] VFS: Dquot-cache hash table entries: 1024 (order 0, 4096 bytes)
[    5.246504] squashfs: version 4.0 (2009/01/31) Phillip Lougher
[    5.248453] fuse init (API version 7.23)
[    5.249820] Key type big_key registered
[    5.265279] Allocating IMA MOK and blacklist keyrings.
[    5.271264] Key type asymmetric registered
[    5.385200] Asymmetric key parser 'x509' registered
[    5.425547] bounce: pool size: 64 pages
[    5.565297] Block layer SCSI generic (bsg) driver version 0.4 loaded (major 249)
[    5.695707] io scheduler noop registered
[    5.785260] io scheduler deadline registered (default)
[    5.825445] io scheduler cfq registered
[    5.875542] pci_hotplug: PCI Hot Plug PCI Core version: 0.5
[    5.975593] pciehp: PCI Express Hot Plug Controller Driver version: 0.4
[    6.006232] ACPI: AC Adapter [AC] (on-line)
[    6.045827] input: Power Button as /devices/LNXSYSTM:00/LNXPWRBN:00/input/input0
[    6.115995] tsc: Refined TSC clocksource calibration: 1696.123 MHz
[    6.185780] clocksource: tsc: mask: 0xffffffffffffffff max_cycles: 0x1872d8e691c, max_idle_ns: 440795291441 ns
[    6.185835] ACPI: Power Button [PWRF]
[    6.185968] input: Sleep Button as /devices/LNXSYSTM:00/LNXSLPBN:00/input/input1
[    6.185971] ACPI: Sleep Button [SLPF]
[    6.217155] GHES: HEST is not enabled!
[    6.316397] ACPI: Battery Slot [BAT0] (battery present)
[    6.316431] isapnp: Scanning for PnP cards...
[    6.365904] Serial: 8250/16550 driver, 32 ports, IRQ sharing enabled
[    6.417572] 00:02: ttyS0 at I/O 0x3f8 (irq = 4, base_baud = 115200) is a 16550A
[    6.909247] Linux agpgart interface v0.103
[    6.924572] loop: module loaded
[    6.937391] scsi host0: ata_piix
[    6.938492] scsi host1: ata_piix
[    6.939596] ata1: PATA max UDMA/33 cmd 0x1f0 ctl 0x3f6 bmdma 0xd000 irq 14
[    6.941224] ata2: PATA max UDMA/33 cmd 0x170 ctl 0x376 bmdma 0xd008 irq 15
[    6.944788] libphy: Fixed MDIO Bus: probed
[    6.945924] tun: Universal TUN/TAP device driver, 1.6
[    6.947142] tun: (C) 1999-2004 Max Krasnyansky <maxk@qualcomm.com>
[    6.948796] PPP generic driver version 2.4.2
[    6.950080] ehci_hcd: USB 2.0 'Enhanced' Host Controller (EHCI) Driver
[    6.951690] ehci-pci: EHCI PCI platform driver
[    6.953129] ehci-platform: EHCI generic platform driver
[    6.954487] ohci_hcd: USB 1.1 'Open' Host Controller (OHCI) Driver
[    6.956012] ohci-pci: OHCI PCI platform driver
[    6.957238] ohci-platform: OHCI generic platform driver
[    6.958598] uhci_hcd: USB Universal Host Controller Interface driver
[    6.960265] i8042: PNP: PS/2 Controller [PNP0303:PS2K,PNP0f03:PS2M] at 0x60,0x64 irq 1,12
[    6.962269] isapnp: No Plug & Play device found
[    6.964748] serio: i8042 KBD port at 0x60,0x64 irq 1
[    6.969266] serio: i8042 AUX port at 0x60,0x64 irq 12
[    6.974791] mousedev: PS/2 mouse device common for all mice
[    6.976708] input: AT Translated Set 2 keyboard as /devices/platform/i8042/serio0/input/input2
[    6.979543] rtc_cmos rtc_cmos: rtc core: registered rtc_cmos as rtc0
[    6.986387] rtc_cmos rtc_cmos: alarms up to one day, 114 bytes nvram
[    7.006941] i2c /dev entries driver
[    7.008080] device-mapper: uevent: version 1.0.3
[    7.009453] device-mapper: ioctl: 4.34.0-ioctl (2015-10-28) initialised: dm-devel@redhat.com
[    7.011722] platform eisa.0: Probing EISA bus 0
[    7.012996] platform eisa.0: EISA: Cannot allocate resource for mainboard
[    7.014606] platform eisa.0: Cannot allocate resource for EISA slot 1
[    7.016168] platform eisa.0: Cannot allocate resource for EISA slot 2
[    7.017717] platform eisa.0: Cannot allocate resource for EISA slot 3
[    7.019264] platform eisa.0: Cannot allocate resource for EISA slot 4
[    7.029563] platform eisa.0: Cannot allocate resource for EISA slot 5
[    7.032437] platform eisa.0: Cannot allocate resource for EISA slot 6
[    7.034005] platform eisa.0: Cannot allocate resource for EISA slot 7
[    7.035624] platform eisa.0: Cannot allocate resource for EISA slot 8
[    7.046997] platform eisa.0: EISA: Detected 0 cards
[    7.048337] cpufreq-nforce2: No nForce2 chipset.
[    7.049580] ledtrig-cpu: registered to indicate activity on CPUs
[    7.051504] NET: Registered protocol family 10
[    7.065156] NET: Registered protocol family 17
[    7.066391] Key type dns_resolver registered
[    7.067933] microcode: CPU0 sig=0x40651, pf=0x40, revision=0x0
[    7.116225] microcode: CPU1 sig=0x40651, pf=0x40, revision=0x0
[    7.117711] microcode: Microcode Update Driver: v2.01 <tigran@aivazian.fsnet.co.uk>, Peter Oruba
[    7.120221] Using IPI No-Shortcut mode
[    7.126806] registered taskstats version 1
[    7.128015] Loading compiled-in X.509 certificates
[    7.139574] Loaded X.509 cert 'Build time autogenerated kernel key: d5d4a29c169fcf0485ebb390c41caa852557e982'
[    7.168037] zswap: loaded using pool lzo/zbud
[    7.171688] Key type trusted registered
[    7.190797] Key type encrypted registered
[    7.197955] AppArmor: AppArmor sha1 policy hashing enabled
[    7.201116] ima: No TPM chip found, activating TPM-bypass!
[    7.202535] evm: HMAC attrs: 0x1
[    7.246786]   Magic number: 13:199:235
[    7.266516] rtc_cmos rtc_cmos: setting system clock to 2017-08-19 15:12:37 UTC (1503155557)
[    7.268923] BIOS EDD facility v0.16 2004-Jun-25, 0 devices found
[    7.270416] EDD information not available.
[    7.272349] Freeing unused kernel memory: 940K (c1ba1000 - c1c8c000)
[    7.274048] Write protecting the kernel text: 7968k
[    7.275458] Write protecting the kernel read-only data: 3168k
[    7.276798] NX-protecting the kernel data: 6368k
Loading, please wait...
starting version[    7.294285] random: systemd-udevd: uninitialized urandom read (16 bytes read, 0 bits of entropy available)
 229
[    7.294666] random: udevadm: uninitialized urandom read (16 bytes read, 0 bits of entropy available)
[    7.294717] random: udevadm: uninitialized urandom read (16 bytes read, 0 bits of entropy available)
[    7.294873] random: udevadm: uninitialized urandom read (16 bytes read, 0 bits of entropy available)
[    7.294930] random: udevadm: uninitialized urandom read (16 bytes read, 0 bits of entropy available)
[    7.294982] random: udevadm: uninitialized urandom read (16 bytes read, 0 bits of entropy available)
[    7.295043] random: udevadm: uninitialized urandom read (16 bytes read, 0 bits of entropy available)
[    7.295099] random: udevadm: uninitialized urandom read (16 bytes read, 0 bits of entropy available)
[    7.295153] random: udevadm: uninitialized urandom read (16 bytes read, 0 bits of entropy available)
[    7.295207] random: udevadm: uninitialized urandom read (16 bytes read, 0 bits of entropy available)
[    7.423686] e1000: Intel(R) PRO/1000 Network Driver - version 7.3.21-k8-NAPI
[    7.464035] e1000: Copyright (c) 1999-2006 Intel Corporation.
[    7.488503] Fusion MPT base driver 3.04.20
[    7.507787] Copyright (c) 1999-2008 LSI Corporation
[    7.531243] Fusion MPT SPI Host driver 3.04.20
[    7.719549] input: ImExPS/2 Generic Explorer Mouse as /devices/platform/i8042/serio1/input/input4
[    7.898223] e1000 0000:00:03.0 eth0: (PCI:33MHz:32-bit) 02:de:49:33:ea:a4
[    7.917217] e1000 0000:00:03.0 eth0: Intel(R) PRO/1000 Network Connection
[    7.923033] mptbase: ioc0: Initiating bringup
[    7.938053] e1000 0000:00:03.0 enp0s3: renamed from eth0
[    8.003688] ioc0: LSI53C1030 A0: Capabilities={Initiator}
[    8.177230] scsi host2: ioc0: LSI53C1030 A0, FwRev=00000000h, Ports=1, MaxQ=256, IRQ=20
[    8.488019] scsi 2:0:0:0: Direct-Access     VBOX     HARDDISK         1.0  PQ: 0 ANSI: 5
[    8.495724] scsi target2:0:0: Beginning Domain Validation
[    8.788856] scsi target2:0:0: Domain Validation skipping write tests
[    8.866885] scsi target2:0:0: Ending Domain Validation
[    8.946975] scsi target2:0:0: asynchronous
[    9.028930] scsi 2:0:1:0: Direct-Access     VBOX     HARDDISK         1.0  PQ: 0 ANSI: 5
[    9.317417] scsi target2:0:1: Beginning Domain Validation
[    9.410117] scsi target2:0:1: Domain Validation skipping write tests
[    9.412869] scsi target2:0:1: Ending Domain Validation
[    9.414277] scsi target2:0:1: asynchronous
[    9.422049] sd 2:0:0:0: [sda] 20971520 512-byte logical blocks: (10.7 GB/10.0 GiB)
[    9.422247] sd 2:0:0:0: Attached scsi generic sg0 type 0
[    9.429535] sd 2:0:0:0: [sda] Write Protect is off
[    9.433366] sd 2:0:1:0: Attached scsi generic sg1 type 0
[    9.433507] sd 2:0:0:0: [sda] Incomplete mode parameter data
[    9.433508] sd 2:0:0:0: [sda] Assuming drive cache: write through
[    9.443681] sd 2:0:1:0: [sdb] 20480 512-byte logical blocks: (10.5 MB/10.0 MiB)
[    9.449771]  sda: sda1
[    9.457371] sd 2:0:1:0: [sdb] Write Protect is off
[    9.462907] sd 2:0:1:0: [sdb] Incomplete mode parameter data
[    9.477258] sd 2:0:1:0: [sdb] Assuming drive cache: write through
[    9.518029] sd 2:0:0:0: [sda] Attached SCSI disk
[    9.593435] sd 2:0:1:0: [sdb] Attached SCSI disk
[   10.577348] floppy0: no floppy controllers found
Begin: Loading essential drivers[   11.966735] md: linear personality registered for level -1
 ... [   12.019330] md: multipath personality registered for level -4
[   12.084800] md: raid0 personality registered for level 0
[   12.125468] md: raid1 personality registered for level 1
[   12.360378] raid6: mmxx1    gen()  4577 MB/s
[   12.587946] raid6: mmxx2    gen()  4930 MB/s
[   12.740216] raid6: sse1x1   gen()  3806 MB/s
[   12.891682] raid6: sse1x2   gen()  4416 MB/s
[   13.020068] raid6: sse2x1   gen()  8337 MB/s
[   13.144014] raid6: sse2x1   xor()  6117 MB/s
[   13.278191] raid6: sse2x2   gen() 11352 MB/s
[   13.364020] raid6: sse2x2   xor()  6661 MB/s
[   13.446498] raid6: using algorithm sse2x2 gen() 11352 MB/s
[   13.459168] raid6: .... xor() 6661 MB/s, rmw enabled
[   13.488837] raid6: using ssse3x1 recovery algorithm
[   13.505275] xor: automatically using best checksumming function:
[   13.607347]    avx       : 17380.000 MB/sec
[   13.663826] async_tx: api initialized (async)
[   13.707637] md: raid6 personality registered for level 6
[   13.738988] md: raid5 personality registered for level 5
[   13.747604] md: raid4 personality registered for level 4
[   13.768624] md: raid10 personality registered for level 10
done.
Begin: Running /scripts/init-premount ... done.
Begin: Mounting root file system ... Begin: Running /scripts/local-top ... done.
Begin: Running /scripts/local-premount ... [   13.827331] Btrfs loaded
Scanning for Btrfs filesystems
done.
Warning: fsck not present, so skipping root file system
[   13.919924] EXT4-fs (sda1): mounted filesystem with ordered data mode. Opts: (null)
done.
Begin: Running /scripts/local-bottom ... done.
Begin: Running /scripts/init-bottom ... done.
[   14.826433] systemd[1]: systemd 229 running in system mode. (+PAM +AUDIT +SELINUX +IMA +APPARMOR +SMACK +SYSVINIT +UTMP +LIBCRYPTSETUP +GCRYPT +GNUTLS +ACL +XZ -LZ4 +SECCOMP +BLKID +ELFUTILS +KMOD -IDN)
[   14.934940] systemd[1]: Detected virtualization oracle.
[   14.941056] systemd[1]: Detected architecture x86.

Welcome to [1mUbuntu 16.04.3 LTS[0m!

[ 15218]syemd[1]: Set hostname to <ubuntu-xenial>.
[   15.262211] random: nonblocking pool is initialized
[   16.358875] systemd[1]: Set up automount Arbitrary Executable File Formats File System Automount Point.
[[0;32m  OK  [0m] Set up automount Arbitrary Executab...ats File System Automount Point.
[   16.438820] systemd[1]: Listening on udev Control Socket.
[[0;32m  OK  [0m] Listening on udev Control Socket.
[   16.447781] systemd[1]: Listening on Journal Audit Socket.
[[0;32m  OK  [0m] Listening on Journal Audit Socket.
[   16.450272] systemd[1]: Listening on Syslog Socket.
[[0;32m  OK  [0m] Listening on Syslog Socket.
[   16.452552] systemd[1]: Reached target Encrypted Volumes.
[[0;32m  OK  [0m] Reached target Encrypted Volumes.
[   16.456023] systemd[1]: Listening on udev Kernel Socket.
[[0;32m  OK  [0m] Listening on udev Kernel Socket.
[   16.476064] systemd[1]: Created slice System Slice.
[[0;32m  OK  [0m] Created slice System Slice.
[   16.484262] systemd[1]: Created slice system-serial\x2dgetty.slice.
[[0;32m  OK  [0m] Created slice system-serial\x2dgetty.slice.
[   16.489286] systemd[1]: Reached target Swap.
[[0;32m  OK  [0m] Reached target Swap.
[   16.503065] systemd[1]: Reached target User and Group Name Lookups.
[[0;32m  OK  [0m] Reached target User and Group Name Lookups.
[   16.505916] systemd[1]: Started Forward Password Requests to Wall Directory Watch.
[[0;32m  OK  [0m] Started Forward Password Requests to Wall Directory Watch.
[   16.535065] systemd[1]: Listening on Journal Socket.
[[0;32m  OK  [0m] Listening on Journal Socket.
[   16.551547] systemd[1]: Mounting POSIX Message Queue File System...
         Mounting POSIX Message Queue File System...
[   16.603800] systemd[1]: Starting Load Kernel Modules...
         Starting Load Kernel Modules...
[   16.655605] systemd[1]: Starting Nameserver information manager...
         Starting Nameserver information manager...
[   16.665212] systemd[1]: Mounting Huge Pages File System...
         Mounting Huge Pages File System...
[   16.669080] systemd[1]: Listening on Journal Socket (/dev/log).
[[0;32m  OK  [0m] Listening on Journal Socket (/dev/log).
[   16.691969] systemd[1]: Listening on Device-mapper event daemon FIFOs.
[[0;32m  OK  [0m] Listening on[   16.743367] Loading iSCSI transport class v2.0-870.
 Device-mapper event daemon FIFO[   16.901086] iscsi: registered transport (tcp)
s.
[   16.927863] systemd[1]: Starting Set console keymap...
         Starting Set console keymap...
[   16.965343] systemd[1]: Listening on LVM2 poll daemon socket.
[[0;32m  OK  [0m] Listening on LVM2 poll daemon socket.
[   17.007784] systemd[1]: Listening on LVM2 metadata daemon socket.
[[0;32m  OK  [0m] Listening on LVM2 metadata daemon socket.
[   17.027673] systemd[1]: Starting Monitoring of LVM2 mirrors, snapshots etc. using dmeventd or progress polling...
         Starting Monitoring of LVM2 mirrors... dmeventd or progress polling...
[   17.068347] systemd[1]: Starting Uncomplicated firewall...
         Starting Uncomplicated firewall...
[   17.085154] systemd[1]: Created slice User and Session Slice.
[[0;32m  OK  [[   17.175729] iscsi: registered transport (iser)
0m] Created slice User and Session Slice.
[   17.232889] systemd[1]: Starting Journal Service...
         Starting Journal Service...
[   17.259720] systemd[1]: Listening on /dev/initctl Compatibility Named Pipe.
[[0;32m  OK  [0m] Listening on /dev/initctl Compatibility Named Pipe.
[   17.383599] systemd[1]: Mounting Debug File System...
         Mounting Debug File System...
[   17.470630] systemd[1]: Starting Create list of required static device nodes for the current kernel...
         Starting Create list of required st... nodes for the current kernel...
[   17.492154] systemd[1]: Reached target Slices.
[[0;32m  OK  [0m] Reached target Slices.
[   17.500276] systemd[1]: Started Trigger resolvconf update for networkd DNS.
[[0;32m  OK  [0m] Started Trigger resolvconf update for networkd DNS.
[   17.524531] systemd[1]: Starting Remount Root and Kernel File Systems...
         Starting Remount Root and Kernel[   17.587542] EXT4-fs (sda1): re-mounted. Opts: (null)
 File Systems...
[   17.637111] systemd[1]: Mounted Huge Pages File System.
[[0;32m  OK  [0m] Mounted Huge Pages File System.
[   17.677229] systemd[1]: Mounted POSIX Message Queue File System.
[[0;32m  OK  [0m] Mounted POSIX Message Queue File System.
[   17.775666] systemd[1]: Mounted Debug File System.
[[0;32m  OK  [0m] Mounted Debug File System.
[  1.89763] systemd[1]: Started Journal Service.
[[0;32m  OK  [0m] Started Journal Service.
[[0;32m  OK  [0m] Started Load Kernel Modules.
[[0;32m  OK  [0m] Started Set console keymap.
[[0;32m  OK  [0m] Started Uncomplicated firewall.
[[0;32m  OK  [0m] Started Create list of required sta...ce nodes for the current kernel.
[[0;32m  OK  [0m] Started Remount Root and Kernel File Systems.
[[0;32m  OK  [0m] Started Nameserver information manager.
[[0;32m  OK  [0m] Started LVM2 metadata daemon.
         Starting Load/Save Random Seed...
         Starting Initial cloud-init job (pre-networking)...
         Starting udev Coldplug all Devices...
         Starting Create Static Device Nodes in /dev...
         Starting Apply Kernel Variables...
         Mounting FUSE Control File System...
         Starting Flush Journal to Persistent Storage...
[[0;32m  OK  [0m] Mounted FUSE Control File System.
[[0;32m  OK  [0m] Started Load/Save Random Seed.
[[0;32m  OK  [0m] Started Apply Kernel Variables.
[[0;32m  OK  [0m] Started udev Coldplug all Devices.
[[0;32m  OK  [0m] Started Flush Journal to Persistent Storage.
[[0;32m  OK  [0m] Started Create Static Device Nodes in /dev.
         Starting udev Kernel Device Manager...
[[0;32m  OK  [0m] Started Monitoring of LVM2 mirrors,...ng dmeventd or progress polling.
[[0;32m  OK  [0m] Started udev Kernel Device Manager.
[[0;32m  OK  [0m] Reached target Local File Systems (Pre).
[[0;32m  OK  [0m] Reached target Local File Systems.
         Starting Set console font and keymap...
         Starting Create Volatile Files and Directories...
         Starting Tell Plymouth To Write Out Runtime Data...
         Starting LSB: AppArmor initialization...
[[0;32m  OK  [0m] Started Dispatch Password Requests to Console Directory Watch.
[[0;32m  OK  [0m] Started Tell Plymouth To Write Out Runtime Data.
[[0;32m  OK  [0m] Found device /dev/ttyS0.
[[0;32m  OK  [0m] Started Create Volatile Files and Directories.
[[0;32m  OK  [0m] Reached target System Time Synchronized.
         Starting Update UTMP about System Boot/Shutdown...
[[0;32m  OK  [0m] Started Update UTMP about System Boot/Shutdown.
[[0;32m  OK  [0m] Found device 82540EM Gigabit Ethern...r (PRO/1000 MT Desktop Adapter).
[[0;32m  OK  [0m] Started Set console font and keymap.
[[0;32m  OK  [0m] Created slice system-getty.slice.
[[0;32m  OK  [0m] Listening on Load/Save RF Kill Switch Status /dev/rfkill Watch.
[[0;32m  OK  [0m] Started LSB: AppArmor initialization.
[   22.640357] cloud-init[431]: Cloud-init v. 0.7.9 running 'init-local' at Sat, 19 Aug 2017 15:12:53 +0000. Up 22.10 seconds.
[[0;32m  OK  [0m] Started Initial cloud-init job (pre-networking).
[[0;32m  OK  [0m] Reached target Network (Pre).
         Starting Raise network interfaces...
[[0;32m  OK  [0m] Started ifup for enp0s3.
[[0;32m  OK  [0m] Started Raise network interfaces.
[[0;32m  OK  [0m] Reached target Network.
         Starting Initial cloud-init job (metadata service crawler)...
[   23.954454] cloud-init[958]: Cloud-init v. 0.7.9 running 'init' at Sat, 19 Aug 2017 15:12:54 +0000. Up 23.39 seconds.
[[0;32m  OK  [0m] Started Initial cloud-init job (metadata service crawler).
[   24.024564] cloud-init[958]: ci-info: +++++++++++++++++++++++++++++++++++++Net device info++++++++++++++++++++++++++++++++++++++
[   24.079526] [[0;32m  OK  [0m] Reached target System Initialization.
[[0;32m  OK  [0m] Listening on ACPID Listen Socket.
cloud-init[958]: ci-info: +--------+------+----------------------------+---------------+-------+-------------------+
[   24.178788]          cloud-initStarting LXD - unix socket.[958]: 
ci-info: | Device |  Up  |          Address           |      Mask     | Scope |     Hw-Address    |
[   24.199481] [cloud-init[0;32m  OK  [0m[958]: ] ci-info: +--------+------+----------------------------+---------------+-------+-------------------+Listening on D-Bus System Message Bus Socket.

[[0;32m  OK  [0m] Listening on UUID daemon activation socket.
[   24.199988] cloud-init[958]: ci-info: | enp0s3 | True |         10.0.2.15          | 255.255.255.0 |   .   | 02:de:49:33:ea:a4 |
[   24.216347] cloud-init[958]: ci-info: | enp0s3 | True | fe80::de:49ff:fe33:eaa4/64 |       .       |  link | 02:de:49:33:ea:a4 |
[   24.231249] [cloud-init[0;32m  OK  [0m[958]: ] ci-info: |   lo   | True |         127.0.0.1          |   255.0.0.0   |   .   |         .         |Started Timer to automatically refresh installed snaps.

[[0;32m  OK  [0m] Started Daily Cleanup of Temporary Directories.
[   24.231756] cloud-init[958]: ci-info: |   lo   | True |          ::1/128           |       .       |  host |         .         |
[   24.351939]          cloud-initStarting Socket activation for snappy daemon.[958]: 
ci-info: +--------+------+----------------------------+---------------+-------+-------------------+
[   24.355357] cloud-init[958]: ci-info: +++++++++++++++++++++++++++Route IPv4 info++++++++++++++++++++++++++++
[   24.357610] cloud-init[958]: ci-info: +-------+-------------+----------+---------------+-----------+-------+
[   24.368428] [cloud-init[0;32m  OK  [0m[958]: ] ci-info: | Route | Destination | Gateway  |    Genmask    | Interface | Flags |Started ACPI Events Check.

[[0;32m  OK  [0m] Reached target Paths.
[[0;32m  OK  [0m] Reached target Network is Online.
[   24.369113] cloud-init[958]: ci-info: +-------+-------------+----------+---------------+-----------+-------+
[   24.403568] [cloud-init[0;32m  OK  [0m[958]: ] ci-info: |   0   |   0.0.0.0   | 10.0.2.2 |    0.0.0.0    |   enp0s3  |   UG  |Started Daily apt download activities.

[   24.403986] cloud-init[958]: ci-info: |   1   |   10.0.2.0  | 0.0.0.0  | 255.255.255.0 |   enp0s3  |   U   |
[   24.410792] cloud-init[958]: ci-info: +-------+-------------+----------+---------------+-----------+-------+
[[0;32m  OK  [0m] Started Daily apt upgrade and clean activities.
[[0;32m  OK  [0m] Reached target Timers.
         Starting iSCSI initiator daemon (iscsid)...
[[0;32m  OK  [0m] Reached target Cloud-config availability.
[[0;32m  OK  [0m] Listening on LXD - unix socket.
[[0;32m  OK  [0m] Listening on Socket activation for snappy daemon.
[[0;32m  OK  [0m] Reached target Sockets.
[[0;32m  OK  [0m] Reached target Basic System.
         Starting Login Service...
         Starting MySQL Community Server...
[[0;32m  OK  [0m] Started Snappy daemon.
[[0;32m  OK  [0m] Started Unattended Upgrades Shutdown.
         Starting Accounts Service...
         Starting Apply the settings specified in cloud-config...
[[0;32m  OK  [0m] Started ACPI event daemon.
         Starting LSB: MD monitoring daemon...
         Starting /etc/rc.local Compatibility...
[[0;32m  OK  [0m] Started Regular background program processing daemon.
         Starting vboxadd.service...
         Starting LSB: Record successful boot for GRUB...
         Starting System Logging Service...
[[0;32m  OK  [0m] Started Deferred execution scheduler.
         Starting Auto import assertions from block devices...
         Starting vboxadd-x11.service...
[[0;32m  OK  [0m] Started D-Bus System Message Bus.
[   25.612284] cloud-init[1022]: Cloud-init v. 0.7.9 running 'modules:config' at Sat, 19 Aug 2017 15:12:56 +0000. Up 25.11 seconds.
         Starting OpenBSD Secure Shell server...
[[0;32m  OK  [0m] Started FUSE filesystem for LXC.
         Starting LXD - container startup/shutdown...
[[0;32m  OK  [0m] Started System Logging Service.
[[0;32m  OK  [0m] Started iSCSI initiator daemon (iscsid).
[[0;32m  OK  [0m] Started Apply the settings specified in cloud-config.
[[0;32m  OK  [0m] Started /etc/rc.local Compatibility.
[[0;32m  OK  [0m] Started Auto import assertions from block devices.
[[0;32m  OK  [0m] Started vboxadd-x11.service.
[[0;32m  OK  [0m] Started Login Service.
         Starting Authenticate and Authorize Users to Run Privileged Tasks...
         Starting Login to default iSCSI targets...
[[0;32m  OK  [0m] Started LSB: Record successful boot for GRUB.
[[0;32m  OK  [0m] Started vboxadd.service.
         Starting vboxadd-service.service...
[[0;32m  OK  [0m] Started LSB: MD monitoring daemon.
[[0;32m  OK  [0m] Started vboxadd-service.service.
[[0;32m  OK  [0m] Started Authenticate and Authorize Users to Run Privileged Tasks.
[[0;32m  OK  [0m] Started Accounts Service.
[[0;32m  OK  [0m] Started Login to default iSCSI targets.
[[0;32m  OK  [0m] Reached target Remote File Systems (Pre).
[[0;32m  OK  [0m] Reached target Remote File Systems.
         Starting Permit User Sessions...
         Starting LSB: automatic crash report generation...
         Starting LSB: daemon to balance interrupts for SMP systems...
         Starting LSB: Set the CPU Frequency Scaling governor to "ondemand"...
[[0;32m  OK  [0m] Started Permit User Sessions.
         Starting Hold until boot process finishes up...
         Starting Terminate Plymouth Boot Screen...
[[0;32m  OK  [0m] Started LSB: Set the CPU Frequency Scaling governor to "ondemand".
[[0;32m  OK  [0m] Started LSB: daemon to balance interrupts for SMP systems.
[[0;32m  OK  [0m] Started Hold until boot process finishes up.
[[0;32m  OK  [0m] Started Terminate Plymouth Boot Screen.
[[0;32m  OK  [0m] Started OpenBSD Secure Shell server.
         Starting Set console scheme...
[[0;32m  OK  [0m] Started Getty on tty1.
[[0;32m  OK  [0m] Started Serial Getty on ttyS0.
[[0;32m  OK  [0m] Reached target Login Prompts.
[[0;32m  OK  [0m] Started LSB: automatic crash report generation.
[[0;32m  OK  [0m] Started Set console scheme.
[[0;32m  OK  [0m] Created slice User Slice of ubuntu.
         Starting User Manager for UID 1000...
[[0;32m  OK  [0m] Started Session 1 of user ubuntu.
[[0;32m  OK  [0m] Started User Manager for UID 1000.
[[0;32m  OK  [0m] Started LXD - container startup/shutdown.
[[0;32m  OK  [0m] Started MySQL Community Server.
[[0;32m  OK  [0m] Reached target Multi-User System.
[[0;32m  OK  [0m] Reached target Graphical Interface.
         Starting Update UTMP about System Runlevel Changes...
         Starting Execute cloud user/final scripts...
[[0;32m  OK  [0m] Started Update UTMP about System Runlevel Changes.
[   32.999324] cloud-init[1490]: Cloud-init v. 0.7.9 running 'modules:final' at Sat, 19 Aug 2017 15:13:04 +0000. Up 32.84 seconds.
[   32.999853] cloud-init[1490]: Cloud-init v. 0.7.9 finished at Sat, 19 Aug 2017 15:13:04 +0000. Datasource DataSourceNoCloud [seed=/dev/sdb][dsmode=net].  Up 32.99 seconds

Ubuntu 16.04.3 LTS ubuntu-xenial ttyS0

ubuntu-xenial login: 